\BOOKMARK [1][-]{section*.4}{\376\377\000M\000a\000t\000e\000r\000i\000a\000l\000s\000\040\000a\000n\000d\000\040\000M\000e\000t\000h\000o\000d\000s}{}% 1
\BOOKMARK [2][-]{section*.5}{\376\377\000P\000a\000r\000t\000i\000c\000i\000p\000a\000n\000t\000s}{section*.4}% 2
\BOOKMARK [2][-]{section*.6}{\376\377\000M\000e\000a\000s\000u\000r\000e\000s}{section*.4}% 3
\BOOKMARK [3][-]{section*.7}{\376\377\000T\000G\000M\000D\000-\0002}{section*.6}% 4
\BOOKMARK [3][-]{section*.8}{\376\377\000F\000G\000-\000C\000O\000M\000P\000A\000S\000S}{section*.6}% 5
\BOOKMARK [2][-]{section*.9}{\376\377\000R\000e\000s\000e\000a\000r\000c\000h\000\040\000A\000s\000s\000i\000s\000t\000a\000n\000t\000s}{section*.4}% 6
\BOOKMARK [2][-]{section*.10}{\376\377\000P\000r\000o\000c\000e\000d\000u\000r\000e\000s}{section*.4}% 7
\BOOKMARK [3][-]{section*.11}{\376\377\000D\000a\000t\000a\000\040\000c\000o\000l\000l\000e\000c\000t\000i\000o\000n}{section*.10}% 8
\BOOKMARK [2][-]{section*.12}{\376\377\000D\000a\000t\000a\000\040\000A\000n\000a\000l\000y\000s\000i\000s}{section*.4}% 9
\BOOKMARK [1][-]{section*.13}{\376\377\000R\000e\000s\000u\000l\000t\000s}{}% 10
\BOOKMARK [2][-]{section*.14}{\376\377\000C\000o\000n\000c\000u\000r\000r\000e\000n\000t\000\040\000V\000a\000l\000i\000d\000i\000t\000y}{section*.13}% 11
\BOOKMARK [2][-]{section*.15}{\376\377\000I\000n\000t\000r\000a\000-\000r\000a\000t\000e\000r\000\040\000r\000e\000l\000i\000a\000b\000i\000l\000i\000t\000y\000\040\000f\000o\000r\000\040\000t\000h\000e\000\040\000F\000G\000-\000C\000O\000M\000P\000A\000S\000S}{section*.13}% 12
\BOOKMARK [2][-]{section*.16}{\376\377\000E\000x\000p\000e\000r\000t\000-\000R\000a\000t\000e\000r\000\040\000A\000g\000r\000e\000e\000m\000e\000n\000t\000\040\000f\000o\000r\000\040\000t\000h\000e\000\040\000F\000G\000-\000C\000O\000M\000P\000A\000S\000S}{section*.13}% 13
\BOOKMARK [1][-]{section*.17}{\376\377\000D\000i\000s\000c\000u\000s\000s\000i\000o\000n}{}% 14
\BOOKMARK [2][-]{section*.18}{\376\377\000C\000o\000n\000c\000u\000r\000r\000e\000n\000t\000\040\000V\000a\000l\000i\000d\000i\000t\000y\000\040\000B\000e\000t\000w\000e\000e\000n\000\040\000t\000h\000e\000\040\000F\000G\000-\000C\000O\000M\000P\000A\000S\000S\000\040\000a\000n\000d\000\040\000t\000h\000e\000\040\000T\000G\000M\000D\000-\0002}{section*.17}% 15
\BOOKMARK [2][-]{section*.19}{\376\377\000I\000n\000t\000e\000r\000-\000R\000a\000t\000e\000r\000\040\000A\000n\000a\000l\000y\000s\000i\000s}{section*.17}% 16
\BOOKMARK [2][-]{section*.20}{\376\377\000I\000n\000t\000r\000a\000-\000R\000a\000t\000e\000r\000\040\000R\000e\000l\000i\000a\000b\000i\000l\000i\000t\000y}{section*.17}% 17
\BOOKMARK [2][-]{section*.21}{\376\377\000R\000a\000t\000e\000r\000s\000\040\000v\000s\000.\000\040\000E\000x\000p\000e\000r\000t\000\040\000A\000g\000r\000e\000e\000m\000e\000n\000t\000\040\000f\000o\000r\000\040\000t\000h\000e\000\040\000F\000G\000-\000C\000O\000M\000P\000A\000S\000S}{section*.17}% 18
\BOOKMARK [1][-]{section*.22}{\376\377\000C\000o\000n\000c\000l\000u\000s\000i\000o\000n}{}% 19
\BOOKMARK [2][-]{section*.23}{\376\377\000I\000m\000p\000l\000i\000c\000a\000t\000i\000o\000n\000s\000\040\000a\000n\000d\000\040\000F\000u\000t\000u\000r\000e\000\040\000D\000i\000r\000e\000c\000t\000i\000o\000n\000s}{section*.22}% 20
\BOOKMARK [1][-]{section*.24}{\376\377\000L\000i\000m\000i\000t\000a\000t\000i\000o\000n\000s}{}% 21
\BOOKMARK [1][-]{section*.25}{\376\377\000R\000e\000f\000e\000r\000e\000n\000c\000e\000s}{}% 22
